waste_drug/app/build/intermediates/manifest_merge_blame_file/debug/manifest-merger-blame-debug-report.txt
1<?xml version="1.0" encoding="utf-8"?>
2<manifest xmlns:android="http://schemas.android.com/apk/res/android"
3    package="com.example.waste_drug"
4    android:versionCode="1"
5    android:versionName="1.0" >
6
7    <uses-sdk
8        android:minSdkVersion="26"
8-->src\main\AndroidManifest.xml
9        android:targetSdkVersion="31" />
9-->src\main\AndroidManifest.xml
10
11    <uses-permission android:name="android.permission.INTERNET" />
11-->src\main\AndroidManifest.xml:5:5-67
11-->src\main\AndroidManifest.xml:5:22-64
12    <uses-permission android:name="android.permission.ACCESS_COARSE_LOCATION" />
12-->src\main\AndroidManifest.xml:6:5-80
12-->src\main\AndroidManifest.xml:6:22-78
13    <uses-permission android:name="android.permission.ACCESS_FINE_LOCATION" />
13-->src\main\AndroidManifest.xml:7:5-79
13-->src\main\AndroidManifest.xml:7:22-76
14    <uses-permission android:name="android.permission.READ_EXTERNAL_STORAGE" />
14-->src\main\AndroidManifest.xml:8:5-79
14-->src\main\AndroidManifest.xml:8:22-77
15
16    <application
16-->src\main\AndroidManifest.xml:10:5-39:19
17        android:allowBackup="true"
17-->src\main\AndroidManifest.xml:11:9-35
18        android:appComponentFactory="androidx.core.app.CoreComponentFactory"
18-->[androidx.core:core:1.3.1] AndroidManifest.xml:24:18-86
19        android:debuggable="true"
20        android:extractNativeLibs="false"
21        android:icon="@mipmap/ic_launcher"
21-->src\main\AndroidManifest.xml:12:9-43
22        android:label="@string/app_name"
22-->src\main\AndroidManifest.xml:13:9-41
23        android:networkSecurityConfig="@xml/network_security_config"
23-->src\main\AndroidManifest.xml:14:9-69
24        android:roundIcon="@mipmap/ic_launcher_round"
24-->src\main\AndroidManifest.xml:15:9-54
25        android:supportsRtl="true"
25-->src\main\AndroidManifest.xml:16:9-35
26        android:testOnly="true"
27        android:theme="@style/Theme.Waste_drug"
27-->src\main\AndroidManifest.xml:17:9-48
28        android:usesCleartextTraffic="true" >
28-->src\main\AndroidManifest.xml:18:9-44
29        <activity android:name="com.example.waste_drug.manage.RegisterActivity" />
29-->src\main\AndroidManifest.xml:20:9-61
29-->src\main\AndroidManifest.xml:20:19-58
30        <activity android:name="com.example.waste_drug.manage.ManageActivity" />
30-->src\main\AndroidManifest.xml:21:9-59
30-->src\main\AndroidManifest.xml:21:19-56
31        <activity android:name="com.example.waste_drug.recycle.RecycleActivity" />
31-->src\main\AndroidManifest.xml:22:9-60
31-->src\main\AndroidManifest.xml:22:19-58
32        <activity android:name="com.example.waste_drug.Map1Activity" />
32-->src\main\AndroidManifest.xml:23:9-59
32-->src\main\AndroidManifest.xml:23:19-47
33        <activity android:name="com.example.waste_drug.Map2Activity" />
33-->src\main\AndroidManifest.xml:24:9-50
33-->src\main\AndroidManifest.xml:24:19-47
34        <activity
34-->src\main\AndroidManifest.xml:25:9-27:20
35            android:name="com.example.waste_drug.search.SearchActivity"
35-->src\main\AndroidManifest.xml:25:19-56
36            android:parentActivityName="com.example.waste_drug.MainActivity" >
36-->src\main\AndroidManifest.xml:26:13-55
37        </activity>
38        <activity
38-->src\main\AndroidManifest.xml:28:9-34:20
39            android:name="com.example.waste_drug.MainActivity"
39-->src\main\AndroidManifest.xml:28:19-47
40            android:exported="true" >
40-->src\main\AndroidManifest.xml:28:48-71
41            <intent-filter>
41-->src\main\AndroidManifest.xml:29:13-33:29
42                <action android:name="android.intent.action.MAIN" />
42-->src\main\AndroidManifest.xml:30:17-69
42-->src\main\AndroidManifest.xml:30:25-66
43
44                <category android:name="android.intent.category.LAUNCHER" />
44-->src\main\AndroidManifest.xml:32:17-77
44-->src\main\AndroidManifest.xml:32:27-74
45            </intent-filter>
46        </activity>
47
48        <meta-data
48-->src\main\AndroidManifest.xml:36:9-38:64
49            android:name="com.kakao.sdk.AppKey"
49-->src\main\AndroidManifest.xml:37:13-48
50            android:value="f708709920ae96f8ba2a25978fda5cb7" />
50-->src\main\AndroidManifest.xml:38:13-61
51
52        <service
52-->[androidx.room:room-runtime:2.4.0-beta01] AndroidManifest.xml:25:9-28:40
53            android:name="androidx.room.MultiInstanceInvalidationService"
53-->[androidx.room:room-runtime:2.4.0-beta01] AndroidManifest.xml:26:13-74
54            android:directBootAware="true"
54-->[androidx.room:room-runtime:2.4.0-beta01] AndroidManifest.xml:27:13-43
55            android:exported="false" />
55-->[androidx.room:room-runtime:2.4.0-beta01] AndroidManifest.xml:28:13-37
56    </application>
57
58</manifest>